c:\users\sarah\source\repos\consoleapplication5\consoleapplication5\debug\consoleapplication5.pch
c:\users\sarah\source\repos\consoleapplication5\consoleapplication5\debug\vc141.pdb
c:\users\sarah\source\repos\consoleapplication5\consoleapplication5\debug\vc141.idb
c:\users\sarah\source\repos\consoleapplication5\consoleapplication5\debug\stdafx.obj
c:\users\sarah\source\repos\consoleapplication5\consoleapplication5\debug\ant.obj
c:\users\sarah\source\repos\consoleapplication5\consoleapplication5\debug\anthill.obj
c:\users\sarah\source\repos\consoleapplication5\consoleapplication5\debug\antlostexception.obj
c:\users\sarah\source\repos\consoleapplication5\consoleapplication5\debug\area.obj
c:\users\sarah\source\repos\consoleapplication5\consoleapplication5\debug\consoleapplication5.obj
c:\users\sarah\source\repos\consoleapplication5\consoleapplication5\debug\creator.obj
c:\users\sarah\source\repos\consoleapplication5\consoleapplication5\debug\environment.obj
c:\users\sarah\source\repos\consoleapplication5\consoleapplication5\debug\food.obj
c:\users\sarah\source\repos\consoleapplication5\consoleapplication5\debug\pheromone.obj
c:\users\sarah\source\repos\consoleapplication5\consoleapplication5\debug\test.obj
c:\users\sarah\source\repos\probeklausur\debug\consoleapplication5.ilk
c:\users\sarah\source\repos\probeklausur\debug\consoleapplication5.exe
c:\users\sarah\source\repos\probeklausur\debug\consoleapplication5.pdb
c:\users\sarah\source\repos\consoleapplication5\consoleapplication5\debug\consolea.af9c98a6.tlog\cl.command.1.tlog
c:\users\sarah\source\repos\consoleapplication5\consoleapplication5\debug\consolea.af9c98a6.tlog\cl.read.1.tlog
c:\users\sarah\source\repos\consoleapplication5\consoleapplication5\debug\consolea.af9c98a6.tlog\cl.write.1.tlog
c:\users\sarah\source\repos\consoleapplication5\consoleapplication5\debug\consolea.af9c98a6.tlog\link.command.1.tlog
c:\users\sarah\source\repos\consoleapplication5\consoleapplication5\debug\consolea.af9c98a6.tlog\link.read.1.tlog
c:\users\sarah\source\repos\consoleapplication5\consoleapplication5\debug\consolea.af9c98a6.tlog\link.write.1.tlog
